<?xml version="1.0" encoding="UTF-8"?>
<!-- Generated by org.testng.reporters.JUnitXMLReporter -->
<testsuite ignored="0" hostname="ArunMotoori" failures="0" tests="3" name="Default test" time="50.225" errors="0" timestamp="2024-06-30T19:04:41 IST">
  <testcase classname="tests.Search" name="verifySearchFunctionality" time="23.863"/>
  <testcase classname="tests.Search" name="verifySearchFunctionality" time="8.888"/>
  <testcase classname="tests.Search" name="verifySearchFunctionality" time="8.821"/>
</testsuite> <!-- Default test -->
