<?xml version="1.0" encoding="UTF-8"?>
<!-- Generated by org.testng.reporters.JUnitXMLReporter -->
<testsuite ignored="0" hostname="ArunMotoori" failures="0" tests="3" name="Default test" time="31.074" errors="0" timestamp="2024-06-29T21:00:54 IST">
  <testcase classname="tests.Login" name="verifyLoginFunctionality" time="14.954"/>
  <testcase classname="tests.Login" name="verifyLoginFunctionality" time="0.007">
    <skipped/>
  </testcase> <!-- verifyLoginFunctionality -->
  <testcase classname="tests.Login" name="verifyLoginFunctionality" time="11.27"/>
</testsuite> <!-- Default test -->
