<?xml version="1.0" encoding="UTF-8"?>
<!-- Generated by org.testng.reporters.JUnitXMLReporter -->
<testsuite ignored="0" hostname="ArunMotoori" failures="1" tests="10" name="Test" time="151.818" errors="0" timestamp="2024-07-07T19:54:27 IST">
  <testcase classname="tests.Register" name="verifyRegisterFunctionality" time="26.178"/>
  <testcase classname="tests.Register" name="verifyRegisterFunctionality" time="0.008">
    <skipped/>
  </testcase> <!-- verifyRegisterFunctionality -->
  <testcase classname="tests.Register" name="verifyRegisterFunctionality" time="19.039"/>
  <testcase classname="tests.Register" name="verifyRegisterFunctionality" time="14.486"/>
  <testcase classname="tests.Login" name="verifyLoginFunctionality" time="9.898"/>
  <testcase classname="tests.Login" name="verifyLoginFunctionality" time="18.934"/>
  <testcase classname="tests.Login" name="verifyLoginFunctionality" time="10.207">
    <failure type="java.lang.AssertionError" message="expected [false] but found [true]">
      <![CDATA[java.lang.AssertionError: expected [false] but found [true]
at tests.Login.verifyLoginFunctionality(Login.java:58)
at java.base/java.util.ArrayList.forEach(ArrayList.java:1596)
... Removed 29 stack frames]]>
    </failure>
  </testcase> <!-- verifyLoginFunctionality -->
  <testcase classname="tests.Search" name="verifySearchFunctionality" time="18.014"/>
  <testcase classname="tests.Search" name="verifySearchFunctionality" time="7.684"/>
  <testcase classname="tests.Search" name="verifySearchFunctionality" time="8.957"/>
</testsuite> <!-- Test -->
