<?xml version="1.0" encoding="UTF-8"?>
<!-- Generated by org.testng.reporters.JUnitXMLReporter -->
<testsuite ignored="0" hostname="ArunMotoori" failures="0" tests="10" name="Test" time="188.687" errors="0" timestamp="2024-07-06T19:15:03 IST">
  <testcase classname="tests.Register" name="verifyRegisterFunctionality" time="27.798"/>
  <testcase classname="tests.Register" name="verifyRegisterFunctionality" time="16.31"/>
  <testcase classname="tests.Register" name="verifyRegisterFunctionality" time="21.676"/>
  <testcase classname="tests.Register" name="verifyRegisterFunctionality" time="16.425"/>
  <testcase classname="tests.Login" name="verifyLoginFunctionality" time="11.295"/>
  <testcase classname="tests.Login" name="verifyLoginFunctionality" time="21.697"/>
  <testcase classname="tests.Login" name="verifyLoginFunctionality" time="12.578"/>
  <testcase classname="tests.Search" name="verifySearchFunctionality" time="18.535"/>
  <testcase classname="tests.Search" name="verifySearchFunctionality" time="8.507"/>
  <testcase classname="tests.Search" name="verifySearchFunctionality" time="11.465"/>
</testsuite> <!-- Test -->
