<?xml version="1.0" encoding="UTF-8"?>
<testng-results ignored="0" total="3" passed="3" failed="0" skipped="0">
  <reporter-output>
  </reporter-output>
  <suite started-at="2024-06-30T19:03:51 IST" name="Default suite" finished-at="2024-06-30T19:04:41 IST" duration-ms="50225">
    <groups>
    </groups>
    <test started-at="2024-06-30T19:03:51 IST" name="Default test" finished-at="2024-06-30T19:04:41 IST" duration-ms="50225">
      <class name="tests.Search">
        <test-method signature="verifySearchFunctionality(java.util.HashMap)[pri:0, instance:tests.Search@7b2bbc3]" started-at="2024-06-30T19:03:53 IST" name="verifySearchFunctionality" data-provider="searchDataProvider" finished-at="2024-06-30T19:04:17 IST" duration-ms="23863" status="PASS">
          <params>
            <param index="0">
              <value>
                <![CDATA[{ExpectedProduct=HP LP3065, Runmode=Y, ExpectedResult=Success, SearchText=HP, Browser=Firefox}]]>
              </value>
            </param>
          </params>
          <reporter-output>
          </reporter-output>
        </test-method> <!-- verifySearchFunctionality -->
        <test-method is-config="true" signature="tearDown()[pri:0, instance:tests.Search@7b2bbc3]" started-at="2024-06-30T19:04:17 IST" name="tearDown" finished-at="2024-06-30T19:04:21 IST" duration-ms="4216" status="PASS">
          <reporter-output>
          </reporter-output>
        </test-method> <!-- tearDown -->
        <test-method signature="verifySearchFunctionality(java.util.HashMap)[pri:0, instance:tests.Search@7b2bbc3]" started-at="2024-06-30T19:04:21 IST" name="verifySearchFunctionality" data-provider="searchDataProvider" finished-at="2024-06-30T19:04:30 IST" duration-ms="8888" status="PASS">
          <params>
            <param index="0">
              <value>
                <![CDATA[{ExpectedProduct=There is no product that matches the search criteria., Runmode=Y, ExpectedResult=Failure, SearchText=Honda, Browser=Chrome}]]>
              </value>
            </param>
          </params>
          <reporter-output>
          </reporter-output>
        </test-method> <!-- verifySearchFunctionality -->
        <test-method is-config="true" signature="tearDown()[pri:0, instance:tests.Search@7b2bbc3]" started-at="2024-06-30T19:04:30 IST" name="tearDown" finished-at="2024-06-30T19:04:30 IST" duration-ms="519" status="PASS">
          <reporter-output>
          </reporter-output>
        </test-method> <!-- tearDown -->
        <test-method signature="verifySearchFunctionality(java.util.HashMap)[pri:0, instance:tests.Search@7b2bbc3]" started-at="2024-06-30T19:04:30 IST" name="verifySearchFunctionality" data-provider="searchDataProvider" finished-at="2024-06-30T19:04:39 IST" duration-ms="8821" status="PASS">
          <params>
            <param index="0">
              <value>
                <![CDATA[{ExpectedProduct=There is no product that matches the search criteria., Runmode=Y, ExpectedResult=Failure, SearchText=Wipro, Browser=Edge}]]>
              </value>
            </param>
          </params>
          <reporter-output>
          </reporter-output>
        </test-method> <!-- verifySearchFunctionality -->
        <test-method is-config="true" signature="tearDown()[pri:0, instance:tests.Search@7b2bbc3]" started-at="2024-06-30T19:04:39 IST" name="tearDown" finished-at="2024-06-30T19:04:41 IST" duration-ms="1790" status="PASS">
          <reporter-output>
          </reporter-output>
        </test-method> <!-- tearDown -->
      </class> <!-- tests.Search -->
    </test> <!-- Default test -->
  </suite> <!-- Default suite -->
</testng-results>
